Using pre-set license
Built from '2020.3/release' branch; Version is '2020.3.2f1 (8fd9074bf66c) revision 9427207'; Using compiler version '192528614'; Build Type 'Release'
OS: 'Windows 10 Home; OS build 19042.1237; Version 2009; 64bit' Language: 'en' Physical Memory: 65481 MB
BatchMode: 1, IsHumanControllingUs: 0, StartBugReporterOnCrash: 0, Is64bit: 1, IsPro: 0

 COMMAND LINE ARGUMENTS:
C:\Program Files\Unity\Hub\Editor\2020.3.2f1\Editor\Unity.exe
-adb2
-batchMode
-noUpm
-name
AssetImportWorker0
-projectPath
C:/Users/midge/Documents/GitHub/COMP3013MTR/Mazes of Madness
-logFile
Logs/AssetImportWorker0.log
-srvPort
60872
Successfully changed project path to: C:/Users/midge/Documents/GitHub/COMP3013MTR/Mazes of Madness
C:/Users/midge/Documents/GitHub/COMP3013MTR/Mazes of Madness
Using Asset Import Pipeline V2.
Refreshing native plugins compatible for Editor in 17.89 ms, found 0 plugins.
Preloading 0 native plugins for Editor in 0.00 ms.
Initialize engine version: 2020.3.2f1 (8fd9074bf66c)
[Subsystems] Discovering subsystems at path C:/Program Files/Unity/Hub/Editor/2020.3.2f1/Editor/Data/Resources/UnitySubsystems
[Subsystems] Discovering subsystems at path C:/Users/midge/Documents/GitHub/COMP3013MTR/Mazes of Madness/Assets
GfxDevice: creating device client; threaded=0
Direct3D:
    Version:  Direct3D 11.0 [level 11.1]
    Renderer: NVIDIA GeForce GTX 1060 6GB (ID=0x1c03)
    Vendor:   
    VRAM:     6052 MB
    Driver:   30.0.14.7196
Initialize mono
Mono path[0] = 'C:/Program Files/Unity/Hub/Editor/2020.3.2f1/Editor/Data/Managed'
Mono path[1] = 'C:/Program Files/Unity/Hub/Editor/2020.3.2f1/Editor/Data/MonoBleedingEdge/lib/mono/unityjit'
Mono config path = 'C:/Program Files/Unity/Hub/Editor/2020.3.2f1/Editor/Data/MonoBleedingEdge/etc'
Using monoOptions --debugger-agent=transport=dt_socket,embedding=1,server=y,suspend=n,address=127.0.0.1:56808
Begin MonoManager ReloadAssembly
Registering precompiled unity dll's ...
Register platform support module: C:/Program Files/Unity/Hub/Editor/2020.3.2f1/Editor/Data/PlaybackEngines/WindowsStandaloneSupport/UnityEditor.WindowsStandalone.Extensions.dll
Registered in 0.001649 seconds.
Native extension for WindowsStandalone target not found
Refreshing native plugins compatible for Editor in 18.06 ms, found 0 plugins.
Preloading 0 native plugins for Editor in 0.00 ms.
Invoked RoslynAnalysisRunner static constructor.
RoslynAnalysisRunner will not be running.
RoslynAnalysisRunner has terminated.
Mono: successfully reloaded assembly
- Completed reload, in  0.828 seconds
Platform modules already initialized, skipping
Registering precompiled user dll's ...
Registered in 0.000569 seconds.
Begin MonoManager ReloadAssembly
Native extension for WindowsStandalone target not found
Refreshing native plugins compatible for Editor in 0.17 ms, found 0 plugins.
Preloading 0 native plugins for Editor in 0.00 ms.
Invoked RoslynAnalysisRunner static constructor.
RoslynAnalysisRunner will not be running.
RoslynAnalysisRunner has terminated.
Mono: successfully reloaded assembly
- Completed reload, in  0.657 seconds
Platform modules already initialized, skipping
========================================================================
Worker process is ready to serve import requests
Launched and connected shader compiler UnityShaderCompiler.exe after 0.04 seconds
Refreshing native plugins compatible for Editor in 0.32 ms, found 0 plugins.
Preloading 0 native plugins for Editor in 0.00 ms.
Unloading 1115 Unused Serialized files (Serialized files now loaded: 0)
System memory in use before: 57.1 MB.
System memory in use after: 57.1 MB.

Unloading 10 unused Assets to reduce memory usage. Loaded Objects now: 1557.
Total: 2.116200 ms (FindLiveObjects: 0.111000 ms CreateObjectMapping: 0.028800 ms MarkObjects: 1.884500 ms  DeleteObjects: 0.091100 ms)

========================================================================
Received Import Request.
  path: Assets/Scripts
  artifactKey: Guid(3f321b5728cd9024dac59a749d2f1cf1) Importer(815301076,1909f56bfc062723c751e8b465ee728b)
Start importing Assets/Scripts using Guid(3f321b5728cd9024dac59a749d2f1cf1) Importer(815301076,1909f56bfc062723c751e8b465ee728b)  -> (artifact id: '58e947fcea9a779d75624672ac609118') in 0.006947 seconds
  Import took 0.008456 seconds .

========================================================================
Received Import Request.
  Time since last request: 9.245776 seconds.
  path: Assets/Sounds
  artifactKey: Guid(159589cf4a4176849b5d4233250c3a6e) Importer(815301076,1909f56bfc062723c751e8b465ee728b)
Start importing Assets/Sounds using Guid(159589cf4a4176849b5d4233250c3a6e) Importer(815301076,1909f56bfc062723c751e8b465ee728b)  -> (artifact id: 'f12cd79b148d41b048c0499a507fb646') in 0.006411 seconds
  Import took 0.008170 seconds .

========================================================================
Received Import Request.
  Time since last request: 9.499314 seconds.
  path: Assets/Prefabs
  artifactKey: Guid(808ef4e2b6d5e81479ad4fe909758752) Importer(815301076,1909f56bfc062723c751e8b465ee728b)
Start importing Assets/Prefabs using Guid(808ef4e2b6d5e81479ad4fe909758752) Importer(815301076,1909f56bfc062723c751e8b465ee728b)  -> (artifact id: '68a022bc4d6727c2b58af5db4d5291f8') in 0.005646 seconds
  Import took 0.007391 seconds .

========================================================================
Received Import Request.
  Time since last request: 0.000255 seconds.
  path: Assets/Prefabs
  artifactKey: Guid(808ef4e2b6d5e81479ad4fe909758752) Importer(815301076,1909f56bfc062723c751e8b465ee728b)
Start importing Assets/Prefabs using Guid(808ef4e2b6d5e81479ad4fe909758752) Importer(815301076,1909f56bfc062723c751e8b465ee728b)  -> (artifact id: '68a022bc4d6727c2b58af5db4d5291f8') in 0.001567 seconds
  Import took 0.003211 seconds .

========================================================================
Received Import Request.
  Time since last request: 9.537033 seconds.
  path: Assets/Materials
  artifactKey: Guid(8dcdca292d0d1804e8e3d9f6a3ac2581) Importer(815301076,1909f56bfc062723c751e8b465ee728b)
Start importing Assets/Materials using Guid(8dcdca292d0d1804e8e3d9f6a3ac2581) Importer(815301076,1909f56bfc062723c751e8b465ee728b)  -> (artifact id: '09ab88a33007178edd84314960be0de6') in 0.005090 seconds
  Import took 0.006719 seconds .

========================================================================
Received Import Request.
  Time since last request: 8.691080 seconds.
  path: Assets/Sprites
  artifactKey: Guid(6559409af93774b419d76c16d77ea5f3) Importer(815301076,1909f56bfc062723c751e8b465ee728b)
Start importing Assets/Sprites using Guid(6559409af93774b419d76c16d77ea5f3) Importer(815301076,1909f56bfc062723c751e8b465ee728b)  -> (artifact id: '0f620884274a9c06b84d3c3cb9031d9d') in 0.005045 seconds
  Import took 0.006859 seconds .

========================================================================
Received Import Request.
  Time since last request: 0.000497 seconds.
  path: Assets/Sprites
  artifactKey: Guid(6559409af93774b419d76c16d77ea5f3) Importer(815301076,1909f56bfc062723c751e8b465ee728b)
Start importing Assets/Sprites using Guid(6559409af93774b419d76c16d77ea5f3) Importer(815301076,1909f56bfc062723c751e8b465ee728b)  -> (artifact id: '0f620884274a9c06b84d3c3cb9031d9d') in 0.001756 seconds
  Import took 0.003398 seconds .

AssetImportWorkerClient::OnTransportError - code=2 error=End of file
